2026-04-12 05:31:31.313  INFO 7 --- [main] sessionId=- - - com.epam.healenium.Application           : Starting Application v3.5.1 using Java 23.0.2 with PID 7 (/healenium-backend.jar started by root in /)
2026-04-12 05:31:31.318  INFO 7 --- [main] sessionId=- - - com.epam.healenium.Application           : No active profile set, falling back to 1 default profile: "default"
2026-04-12 05:31:31.950  INFO 7 --- [main] sessionId=- - - .s.d.r.c.RepositoryConfigurationDelegate : Bootstrapping Spring Data JPA repositories in DEFAULT mode.
2026-04-12 05:31:32.078  INFO 7 --- [main] sessionId=- - - .s.d.r.c.RepositoryConfigurationDelegate : Finished Spring Data repository scanning in 121 ms. Found 6 JPA repository interfaces.
2026-04-12 05:31:33.115  INFO 7 --- [main] sessionId=- - - o.s.boot.tomcat.TomcatWebServer          : Tomcat initialized with port 7878 (http)
2026-04-12 05:31:33.130  INFO 7 --- [main] sessionId=- - - o.apache.catalina.core.StandardService   : Starting service [Tomcat]
2026-04-12 05:31:33.130  INFO 7 --- [main] sessionId=- - - o.apache.catalina.core.StandardEngine    : Starting Servlet engine: [Apache Tomcat/11.0.18]
2026-04-12 05:31:33.157  INFO 7 --- [main] sessionId=- - - b.w.c.s.WebApplicationContextInitializer : Root WebApplicationContext: initialization completed in 1791 ms
2026-04-12 05:31:33.286  INFO 7 --- [main] sessionId=- - - com.zaxxer.hikari.HikariDataSource       : HikariPool-1 - Starting...
2026-04-12 05:31:33.434  INFO 7 --- [main] sessionId=- - - com.zaxxer.hikari.pool.HikariPool        : HikariPool-1 - Added connection org.postgresql.jdbc.PgConnection@b34c7c9
2026-04-12 05:31:33.435  INFO 7 --- [main] sessionId=- - - com.zaxxer.hikari.HikariDataSource       : HikariPool-1 - Start completed.
2026-04-12 05:31:39.350  INFO 7 --- [main] sessionId=- - - liquibase.changelog                      : Reading from healenium.databasechangelog
2026-04-12 05:31:39.443  INFO 7 --- [main] sessionId=- - - liquibase.ui                             : Database is up to date, no changesets to execute
2026-04-12 05:31:39.445  INFO 7 --- [main] sessionId=- - - liquibase.changelog                      : Reading from healenium.databasechangelog
2026-04-12 05:31:39.451  INFO 7 --- [main] sessionId=- - - liquibase.util                           : UPDATE SUMMARY
2026-04-12 05:31:39.451  INFO 7 --- [main] sessionId=- - - liquibase.util                           : Run:                          0
2026-04-12 05:31:39.451  INFO 7 --- [main] sessionId=- - - liquibase.util                           : Previously run:              20
2026-04-12 05:31:39.452  INFO 7 --- [main] sessionId=- - - liquibase.util                           : Filtered out:                 0
2026-04-12 05:31:39.452  INFO 7 --- [main] sessionId=- - - liquibase.util                           : -------------------------------
2026-04-12 05:31:39.452  INFO 7 --- [main] sessionId=- - - liquibase.util                           : Total change sets:           20
2026-04-12 05:31:39.452  INFO 7 --- [main] sessionId=- - - liquibase.util                           : Update summary generated
2026-04-12 05:31:39.453  INFO 7 --- [main] sessionId=- - - liquibase.command                        : Command execution complete
2026-04-12 05:31:39.545  INFO 7 --- [main] sessionId=- - - org.hibernate.orm.jpa                    : HHH008540: Processing PersistenceUnitInfo [name: default]
2026-04-12 05:31:39.598  INFO 7 --- [main] sessionId=- - - org.hibernate.orm.core                   : HHH000001: Hibernate ORM core version 7.3.0.Final
2026-04-12 05:31:39.955  INFO 7 --- [main] sessionId=- - - o.s.o.j.p.SpringPersistenceUnitInfo      : No LoadTimeWeaver setup: ignoring JPA class transformer
2026-04-12 05:31:39.967  WARN 7 --- [main] sessionId=- - - org.hibernate.orm.deprecation            : HHH90000021: Encountered deprecated setting [hibernate.temp.use_jdbc_metadata_defaults], use [hibernate.boot.allow_jdbc_metadata_access] instead
2026-04-12 05:31:39.980  WARN 7 --- [main] sessionId=- - - org.hibernate.orm.deprecation            : HHH90000025: PostgreSQLDialect does not need to be specified explicitly using 'hibernate.dialect' (remove the property setting and it will be selected by default)
2026-04-12 05:31:39.991  INFO 7 --- [main] sessionId=- - - org.hibernate.orm.connections.pooling    : HHH10001005: Database info:
	Database JDBC URL [undefined/unknown]
	Database driver: undefined/unknown
	Database dialect: PostgreSQLDialect
	Database version: 13.0
	Default catalog/schema: unknown/unknown
	Autocommit mode: undefined/unknown
	Isolation level: <unknown>
	JDBC fetch size: undefined/unknown
	Pool: undefined/unknown
	Minimum pool size: undefined/unknown
	Maximum pool size: undefined/unknown
2026-04-12 05:31:40.681  INFO 7 --- [main] sessionId=- - - org.hibernate.orm.core                   : HHH000489: No JTA platform available (set 'hibernate.transaction.jta.platform' to enable JTA platform integration)
2026-04-12 05:31:40.684  INFO 7 --- [main] sessionId=- - - org.hibernate.orm.jdbc.batch             : HHH100501: Automatic JDBC statement batching enabled (maximum batch size 40)
2026-04-12 05:31:40.688  INFO 7 --- [main] sessionId=- - - j.LocalContainerEntityManagerFactoryBean : Initialized JPA EntityManagerFactory for persistence unit 'default'
2026-04-12 05:31:40.738  INFO 7 --- [main] sessionId=- - - o.s.d.j.r.query.QueryEnhancerFactories   : Hibernate is in classpath; If applicable, HQL parser will be used.
2026-04-12 05:31:41.302  INFO 7 --- [main] sessionId=- - - o.s.b.w.a.WelcomePageHandlerMapping      : Adding welcome page template: index
2026-04-12 05:31:41.526  INFO 7 --- [main] sessionId=- - - o.s.b.a.e.web.EndpointLinksResolver      : Exposing 1 endpoint beneath base path '/actuator'
2026-04-12 05:31:41.586  INFO 7 --- [main] sessionId=- - - o.s.boot.tomcat.TomcatWebServer          : Tomcat started on port 7878 (http) with context path '/'
2026-04-12 05:31:41.655  INFO 7 --- [main] sessionId=- - - com.epam.healenium.Application           : Started Application in 10.745 seconds (process running for 11.493)
2026-04-12 06:12:16.343  INFO 7 --- [http-nio-7878-exec-1] sessionId=- - - o.a.c.c.C.[Tomcat].[localhost].[/]       : Initializing Spring DispatcherServlet 'dispatcherServlet'
2026-04-12 06:12:16.344  INFO 7 --- [http-nio-7878-exec-1] sessionId=- - - o.s.web.servlet.DispatcherServlet        : Initializing Servlet 'dispatcherServlet'
2026-04-12 06:12:16.350  INFO 7 --- [http-nio-7878-exec-1] sessionId=- - - o.s.web.servlet.DispatcherServlet        : Completed initialization in 6 ms
2026-04-12 06:12:30.374  INFO 7 --- [http-nio-7878-exec-4] sessionId=- - - c.e.h.controller.ReportController        : [Report] Init Request. Session Id: 6d1223109a34706bc3c83b79b643f8c3
2026-04-12 06:12:33.012  INFO 7 --- [http-nio-7878-exec-5] sessionId=- - - c.e.h.controller.HealingController       : [Save Elements] Request: By.id(user-name)
2026-04-12 06:12:33.143  INFO 7 --- [http-nio-7878-exec-6] sessionId=- - - c.e.h.controller.HealingController       : [Save Elements] Request: By.id(password)
2026-04-12 06:12:33.228  INFO 7 --- [http-nio-7878-exec-7] sessionId=- - - c.e.h.controller.HealingController       : [Save Elements] Request: By.id(login-button)
2026-04-12 06:13:57.502  INFO 7 --- [http-nio-7878-exec-5] sessionId=- - - c.e.h.controller.ReportController        : [Report] Init Request. Session Id: 7a89ae3690ebe0aa18adcfe380b3f452
